[debug] [2020-12-03T16:58:22.219Z] ----------------------------------------------------------------------
[debug] [2020-12-03T16:58:22.224Z] Command:       C:\Program Files\nodejs\node.exe C:\Users\hp\AppData\Roaming\npm\node_modules\firebase-tools\lib\bin\firebase.js init
[debug] [2020-12-03T16:58:22.225Z] CLI Version:   8.14.1
[debug] [2020-12-03T16:58:22.225Z] Platform:      win32
[debug] [2020-12-03T16:58:22.225Z] Node Version:  v14.15.0
[debug] [2020-12-03T16:58:22.228Z] Time:          Thu Dec 03 2020 19:58:22 GMT+0300 (East Africa Time)
[debug] [2020-12-03T16:58:22.229Z] ----------------------------------------------------------------------
[debug] [2020-12-03T16:58:22.229Z] 
[debug] [2020-12-03T16:58:22.257Z] > command requires scopes: ["email","openid","https://www.googleapis.com/auth/cloudplatformprojects.readonly","https://www.googleapis.com/auth/firebase","https://www.googleapis.com/auth/cloud-platform"]
[debug] [2020-12-03T16:58:22.259Z] > authorizing via signed-in user
[info] 
     ######## #### ########  ######## ########     ###     ######  ########
     ##        ##  ##     ## ##       ##     ##  ##   ##  ##       ##
     ######    ##  ########  ######   ########  #########  ######  ######
     ##        ##  ##    ##  ##       ##     ## ##     ##       ## ##
     ##       #### ##     ## ######## ########  ##     ##  ######  ########

You're about to initialize a Firebase project in this directory:

  C:\Users\hp\Desktop\React\photo-gallery

Before we get started, keep in mind:

  * You are initializing in an existing Firebase project directory

